<?xml version="1.0" encoding="UTF-8"?>
<testng-results ignored="0" total="1" passed="1" failed="0" skipped="0">
  <reporter-output>
  </reporter-output>
  <suite started-at="2024-02-17T22:36:16 IST" name="Default suite" finished-at="2024-02-17T22:37:03 IST" duration-ms="46732">
    <groups>
    </groups>
    <test started-at="2024-02-17T22:36:16 IST" name="Default test" finished-at="2024-02-17T22:37:03 IST" duration-ms="46732">
      <class name="LUMA_TEST.LUMA_TEST21">
        <test-method is-config="true" signature="launchBrowser()[pri:0, instance:LUMA_TEST.LUMA_TEST21@6f53b8a]" started-at="2024-02-17T22:36:16 IST" name="launchBrowser" finished-at="2024-02-17T22:36:34 IST" duration-ms="18415" status="PASS">
          <reporter-output>
          </reporter-output>
        </test-method> <!-- launchBrowser -->
        <test-method signature="Test()[pri:0, instance:LUMA_TEST.LUMA_TEST21@6f53b8a]" started-at="2024-02-17T22:36:34 IST" name="Test" finished-at="2024-02-17T22:36:59 IST" duration-ms="24562" status="PASS">
          <reporter-output>
          </reporter-output>
        </test-method> <!-- Test -->
        <test-method is-config="true" signature="closeBrowser()[pri:0, instance:LUMA_TEST.LUMA_TEST21@6f53b8a]" started-at="2024-02-17T22:36:59 IST" name="closeBrowser" finished-at="2024-02-17T22:37:03 IST" duration-ms="3659" status="PASS">
          <reporter-output>
          </reporter-output>
        </test-method> <!-- closeBrowser -->
      </class> <!-- LUMA_TEST.LUMA_TEST21 -->
    </test> <!-- Default test -->
  </suite> <!-- Default suite -->
</testng-results>
