<?xml version="1.0" encoding="UTF-8"?>
<testng-results ignored="0" total="1" passed="1" failed="0" skipped="0">
  <reporter-output>
  </reporter-output>
  <suite started-at="2024-03-24T11:55:56 IST" name="Default suite" finished-at="2024-03-24T11:56:14 IST" duration-ms="17994">
    <groups>
      <group name="cucumber">
        <method signature="AbstractTestNGCucumberTests.runScenario(io.cucumber.testng.PickleWrapper,io.cucumber.testng.FeatureWrapper)[pri:0, instance:Cucumber_definition_file.TestRunner@5c7bfdc1]" name="runScenario" class="io.cucumber.testng.AbstractTestNGCucumberTests"/>
      </group> <!-- cucumber -->
    </groups>
    <test started-at="2024-03-24T11:55:56 IST" name="Default test" finished-at="2024-03-24T11:56:14 IST" duration-ms="17994">
      <class name="Cucumber_definition_file.TestRunner">
        <test-method is-config="true" signature="setUpClass(org.testng.ITestContext)[pri:0, instance:Cucumber_definition_file.TestRunner@5c7bfdc1]" started-at="2024-03-24T11:55:56 IST" name="setUpClass" finished-at="2024-03-24T11:55:56 IST" duration-ms="682" status="PASS">
          <params>
            <param index="0">
              <value>
                <![CDATA[org.testng.TestRunner@70f68288]]>
              </value>
            </param>
          </params>
          <reporter-output>
          </reporter-output>
        </test-method> <!-- setUpClass -->
        <test-method signature="runScenario(io.cucumber.testng.PickleWrapper,io.cucumber.testng.FeatureWrapper)[pri:0, instance:Cucumber_definition_file.TestRunner@5c7bfdc1]" started-at="2024-03-24T11:55:56 IST" name="runScenario" description="Runs Cucumber Scenarios" data-provider="scenarios" finished-at="2024-03-24T11:56:14 IST" duration-ms="17164" status="PASS">
          <params>
            <param index="0">
              <value>
                <![CDATA["successful Login with valid data"]]>
              </value>
            </param>
            <param index="1">
              <value>
                <![CDATA["login"]]>
              </value>
            </param>
          </params>
          <reporter-output>
          </reporter-output>
        </test-method> <!-- runScenario -->
        <test-method is-config="true" signature="tearDownClass()[pri:0, instance:Cucumber_definition_file.TestRunner@5c7bfdc1]" started-at="2024-03-24T11:56:14 IST" name="tearDownClass" finished-at="2024-03-24T11:56:14 IST" duration-ms="93" status="PASS">
          <reporter-output>
          </reporter-output>
        </test-method> <!-- tearDownClass -->
      </class> <!-- Cucumber_definition_file.TestRunner -->
    </test> <!-- Default test -->
  </suite> <!-- Default suite -->
</testng-results>
